<testsuites id="" name="" tests="4" failures="0" skipped="0" errors="0" time="13.11093400001526">
	<testsuite name="bar.spec.ts" timestamp="2023-04-28T07:38:23.805Z" hostname="" tests="1" failures="0" skipped="0" time="0.818" errors="0">
		<testcase name="bar start › bar test" classname="bar.spec.ts" time="0.818">
		</testcase>
	</testsuite>
	<testsuite name="foo.spec.ts" timestamp="2023-04-28T07:38:23.805Z" hostname="" tests="3" failures="0" skipped="0" time="1.514" errors="0">
		<testcase name="foo 1 start › basic 1.1 test" classname="foo.spec.ts" time="0.522">
		</testcase>
		<testcase name="foo 2 start › basic 2.1 test" classname="foo.spec.ts" time="0.496">
		</testcase>
		<testcase name="foo 2 start › basic 2.2 test" classname="foo.spec.ts" time="0.496">
		</testcase>
	</testsuite>
</testsuites>
